<?xml version="1.0" encoding="UTF-8"?>
<!-- Generated by org.testng.reporters.JUnitXMLReporter -->
<testsuite ignored="0" hostname="shailesh" failures="0" tests="1" name="Marketing Leads Creation with lisner" time="0.122" errors="0" timestamp="2025-06-04T20:28:14 IST">
  <testcase classname="com.eva.webutil.BaseTest" name="@BeforeMethod beforeMethod" time="-1.749049093969E9">
    <failure type="org.testng.TestNGException" message="
Method beforeMethod requires 1 parameters but 4 were supplied in the BeforeMethod annotation.">
      <![CDATA[org.testng.TestNGException: 
Method beforeMethod requires 1 parameters but 4 were supplied in the BeforeMethod annotation.
at java.base/java.util.ArrayList.forEach(ArrayList.java:1596)
... Removed 28 stack frames]]>
    </failure>
  </testcase> <!-- @BeforeMethod beforeMethod -->
  <testcase classname="com.eva.webutil.BaseTest" name="@AfterMethod afterMethod" time="0.0">
    <skipped/>
  </testcase> <!-- @AfterMethod afterMethod -->
  <testcase classname="com.eva.webutil.BaseTest" name="@AfterClass afterClass" time="0.0">
    <skipped/>
  </testcase> <!-- @AfterClass afterClass -->
  <testcase classname="com.eva.marketing.submodule.testcases.Marketing_Campaings" name="verifyCreateNewCampaings" time="0.0">
    <skipped/>
  </testcase> <!-- verifyCreateNewCampaings -->
</testsuite> <!-- Marketing Leads Creation with lisner -->
